<?xml version="1.0" encoding="UTF-8"?>
<!-- Generated by org.testng.reporters.JUnitXMLReporter -->
<testsuite hostname="PC-21930" ignored="0" name="Default test" tests="4" failures="0" timestamp="2020-12-09T10:14:31 WEST" time="42.956" errors="0">
  <testcase name="loginPageTitleTest" time="1.809" classname="com.crm.qa.testcases.LoginPageTest"/>
  <testcase name="crmLogoImageTest" time="0.781" classname="com.crm.qa.testcases.LoginPageTest"/>
  <testcase name="loginInTest" time="0.686" classname="com.crm.qa.testcases.LoginPageTest"/>
  <testcase name="loginTest" time="3.759" classname="com.crm.qa.testcases.LoginPageTest"/>
</testsuite> <!-- Default test -->
