<?xml version="1.0" encoding="UTF-8"?>
<testng-results skipped="0" failed="0" ignored="0" total="4" passed="4">
  <reporter-output>
  </reporter-output>
  <suite name="Default suite" duration-ms="42956" started-at="2020-12-09T10:13:48 WEST" finished-at="2020-12-09T10:14:31 WEST">
    <groups>
    </groups>
    <test name="Default test" duration-ms="42956" started-at="2020-12-09T10:13:48 WEST" finished-at="2020-12-09T10:14:31 WEST">
      <class name="com.crm.qa.testcases.LoginPageTest">
        <test-method status="PASS" signature="setUp()[pri:0, instance:com.crm.qa.testcases.LoginPageTest@23fe1d71]" name="setUp" is-config="true" duration-ms="9408" started-at="2020-12-09T10:13:48 WEST" finished-at="2020-12-09T10:13:58 WEST">
          <reporter-output>
          </reporter-output>
        </test-method> <!-- setUp -->
        <test-method status="PASS" signature="loginPageTitleTest()[pri:1, instance:com.crm.qa.testcases.LoginPageTest@23fe1d71]" name="loginPageTitleTest" duration-ms="1809" started-at="2020-12-09T10:13:58 WEST" finished-at="2020-12-09T10:14:00 WEST">
          <reporter-output>
          </reporter-output>
        </test-method> <!-- loginPageTitleTest -->
        <test-method status="PASS" signature="tearDown()[pri:0, instance:com.crm.qa.testcases.LoginPageTest@23fe1d71]" name="tearDown" is-config="true" duration-ms="1036" started-at="2020-12-09T10:14:00 WEST" finished-at="2020-12-09T10:14:01 WEST">
          <reporter-output>
          </reporter-output>
        </test-method> <!-- tearDown -->
        <test-method status="PASS" signature="setUp()[pri:0, instance:com.crm.qa.testcases.LoginPageTest@23fe1d71]" name="setUp" is-config="true" duration-ms="7181" started-at="2020-12-09T10:14:01 WEST" finished-at="2020-12-09T10:14:08 WEST">
          <reporter-output>
          </reporter-output>
        </test-method> <!-- setUp -->
        <test-method status="PASS" signature="crmLogoImageTest()[pri:2, instance:com.crm.qa.testcases.LoginPageTest@23fe1d71]" name="crmLogoImageTest" duration-ms="781" started-at="2020-12-09T10:14:08 WEST" finished-at="2020-12-09T10:14:09 WEST">
          <reporter-output>
          </reporter-output>
        </test-method> <!-- crmLogoImageTest -->
        <test-method status="PASS" signature="tearDown()[pri:0, instance:com.crm.qa.testcases.LoginPageTest@23fe1d71]" name="tearDown" is-config="true" duration-ms="1171" started-at="2020-12-09T10:14:09 WEST" finished-at="2020-12-09T10:14:10 WEST">
          <reporter-output>
          </reporter-output>
        </test-method> <!-- tearDown -->
        <test-method status="PASS" signature="setUp()[pri:0, instance:com.crm.qa.testcases.LoginPageTest@23fe1d71]" name="setUp" is-config="true" duration-ms="7374" started-at="2020-12-09T10:14:10 WEST" finished-at="2020-12-09T10:14:17 WEST">
          <reporter-output>
          </reporter-output>
        </test-method> <!-- setUp -->
        <test-method status="PASS" signature="loginInTest()[pri:3, instance:com.crm.qa.testcases.LoginPageTest@23fe1d71]" name="loginInTest" duration-ms="686" started-at="2020-12-09T10:14:17 WEST" finished-at="2020-12-09T10:14:18 WEST">
          <reporter-output>
          </reporter-output>
        </test-method> <!-- loginInTest -->
        <test-method status="PASS" signature="tearDown()[pri:0, instance:com.crm.qa.testcases.LoginPageTest@23fe1d71]" name="tearDown" is-config="true" duration-ms="1047" started-at="2020-12-09T10:14:18 WEST" finished-at="2020-12-09T10:14:19 WEST">
          <reporter-output>
          </reporter-output>
        </test-method> <!-- tearDown -->
        <test-method status="PASS" signature="setUp()[pri:0, instance:com.crm.qa.testcases.LoginPageTest@23fe1d71]" name="setUp" is-config="true" duration-ms="7134" started-at="2020-12-09T10:14:19 WEST" finished-at="2020-12-09T10:14:26 WEST">
          <reporter-output>
          </reporter-output>
        </test-method> <!-- setUp -->
        <test-method status="PASS" signature="loginTest()[pri:4, instance:com.crm.qa.testcases.LoginPageTest@23fe1d71]" name="loginTest" duration-ms="3759" started-at="2020-12-09T10:14:26 WEST" finished-at="2020-12-09T10:14:30 WEST">
          <reporter-output>
          </reporter-output>
        </test-method> <!-- loginTest -->
        <test-method status="PASS" signature="tearDown()[pri:0, instance:com.crm.qa.testcases.LoginPageTest@23fe1d71]" name="tearDown" is-config="true" duration-ms="1510" started-at="2020-12-09T10:14:30 WEST" finished-at="2020-12-09T10:14:31 WEST">
          <reporter-output>
          </reporter-output>
        </test-method> <!-- tearDown -->
      </class> <!-- com.crm.qa.testcases.LoginPageTest -->
    </test> <!-- Default test -->
  </suite> <!-- Default suite -->
</testng-results>
